<?xml version="1.0" encoding="UTF-8"?>
<!-- Generated by org.testng.reporters.JUnitXMLReporter -->
<testsuite hostname="Suneela-MBP.local" ignored="1" name="PersonalLoan" tests="8" failures="1" timestamp="2021-06-13T22:36:35 IST" time="0.028" errors="0">
  <testcase name="Demo" time="0.0" classname="com.PersonalLoan.PracticeOne"/>
  <testcase name="secondTest" time="0.0" classname="com.PersonalLoan.PracticeOne"/>
  <testcase name="smokeTestPLoan1" time="0.0" classname="com.PersonalLoan.PracticeOne"/>
  <testcase name="pLoan" time="0.0" classname="com.PersonalLoan.PracticeTwo"/>
  <testcase name="smokeTestPLoan2" time="0.0" classname="com.PersonalLoan.PracticeTwo"/>
  <testcase name="apiLoginHomeLoan" time="0.0" classname="com.HomeLoan.PracticeFour"/>
  <testcase name="mobileLoginHomeLoan" time="0.0" classname="com.HomeLoan.PracticeFour">
    <failure type="org.testng.TestNGException" message="
Parameter &amp;apos;URL&amp;apos; is required by @Test on method mobileLoginHomeLoan but has not been marked @Optional or defined
in /Volumes/Development/Automation/TestNgPractice/testng.xml">
      <![CDATA[org.testng.TestNGException: 
Parameter 'URL' is required by @Test on method mobileLoginHomeLoan but has not been marked @Optional or defined
in /Volumes/Development/Automation/TestNgPractice/testng.xml
at java.util.ArrayList.forEach(ArrayList.java:1257)
... Removed 30 stack frames]]>
    </failure>
  </testcase> <!-- mobileLoginHomeLoan -->
  <testcase name="smokeTestHomeLoan" time="0.0" classname="com.HomeLoan.PracticeFour"/>
  <testcase name="webLoginHomeLoan" time="0.0" classname="com.HomeLoan.PracticeFour">
    <ignored/>
  </testcase> <!-- webLoginHomeLoan -->
</testsuite> <!-- PersonalLoan -->
